-20.000 65.000 16.0 28 2.15  
-20.000 -65.000 16.0 28 2.15  
80.000 0.000 16.0 28 2.15  
-120.000 0.000 16.0 28 2.15  
0.000 0.000 10.0 16 3.85  
0.000 151.200 10.0 16 3.85  
0.000 -151.200 10.0 16 3.85  
146.656 75.600 10.0 16 3.85  
146.656 -75.600 10.0 16 3.85  
-146.656 85.600 10.0 16 3.85  
-146.656 -85.600 10.0 16 3.85  
154.205 238.474 10.0 16 3.85  
154.205 -238.474 10.0 16 3.85  
308.410 0.000 10.0 16 3.85  
-154.205 238.474 10.0 16 3.85  
-154.205 -238.474 10.0 16 3.85  
-308.410 0.000 10.0 16 3.85  
0.000 325.242 10.0 16 3.85  
0.000 -325.242 10.0 16 3.85  
315.468 162.621 10.0 16 3.85  
315.468 -162.621 10.0 16 3.85  
-315.468 162.621 10.0 16 3.85  
-315.468 -162.621 10.0 16 3.85  
291.085 450.155 10.0 16 3.85  
291.085 -450.155 10.0 16 3.85  
582.170 0.000 10.0 16 3.85  
-291.085 450.155 10.0 16 3.85  
-291.085 -450.155 10.0 16 3.85  
-582.170 0.000 10.0 16 3.85  
205.500 158.900 5.0 5.6 4.45  
205.500 -158.900 5.0 5.6 4.45  
-205.500 158.900 5.0 5.6 4.45  
-205.500 -158.900 5.0 5.6 4.45  
164.823 424.824 5.0 5.6 4.45  
164.823 -424.824 5.0 5.6 4.45  
-164.823 424.824 5.0 5.6 4.45  
-164.823 -424.824 5.0 5.6 4.45  
494.469 110.000 5.0 5.6 4.45  
494.469 -110.000 5.0 5.6 4.45  
-494.469 110.000 5.0 5.6 4.45  
-494.469 -110.000 5.0 5.6 4.45  
0.000 519.795 5.0 5.6 4.45  
0.000 -519.795 5.0 5.6 4.45  
391.606 403.739 5.0 5.6 4.45  
391.606 -403.739 5.0 5.6 4.45  
-391.606 403.739 5.0 5.6 4.45  
-391.606 -403.739 5.0 5.6 4.45  
618.073 318.611 5.0 5.6 4.45  
618.073 -318.611 5.0 5.6 4.45  
-618.073 318.611 5.0 5.6 4.45  
-618.073 -318.611 5.0 5.6 4.45  
0.000 723.527 5.0 5.6 4.45  
0.000 -723.527 5.0 5.6 4.45  
820.000 0.000 5.0 5.6 4.45  
-820.000 0.000 5.0 5.6 4.45  
435.304 673.186 5.0 5.6 4.45  
435.304 -673.186 5.0 5.6 4.45  
-435.304 673.186 5.0 5.6 4.45  
-435.304 -673.186 5.0 5.6 4.45  
220.844 796.903 5.0 5.6 4.45  
220.844 -796.903 5.0 5.6 4.45  
662.533 569.216 5.0 5.6 4.45  
662.533 -569.216 5.0 5.6 4.45  
883.377 227.687 5.0 5.6 4.45  
883.377 -227.687 5.0 5.6 4.45  
-220.844 796.903 5.0 5.6 4.45  
-220.844 -796.903 5.0 5.6 4.45  
-662.533 569.216 5.0 5.6 4.45  
-662.533 -569.216 5.0 5.6 4.45  
-883.377 227.687 5.0 5.6 4.45  
-883.377 -227.687 5.0 5.6 4.45  
0.000 944.301 5.0 5.6 4.45  
0.000 -944.301 5.0 5.6 4.45  
915.923 472.151 5.0 5.6 4.45  
915.923 -472.151 5.0 5.6 4.45  
-915.923 472.151 5.0 5.6 4.45  
-915.923 -472.151 5.0 5.6 4.45  
1100.000 0.000 5.0 5.6 4.45  
-1100.000 0.000 5.0 5.6 4.45  
471.012 971.210 5.0 5.6 4.45  
471.012 -971.210 5.0 5.6 4.45  
706.518 849.809 5.0 5.6 4.45  
706.518 -849.809 5.0 5.6 4.45  
-471.012 971.210 5.0 5.6 4.45  
-471.012 -971.210 5.0 5.6 4.45  
-706.518 849.809 5.0 5.6 4.45  
-706.518 -849.809 5.0 5.6 4.45  
239.197 1109.735 5.0 5.6 4.45  
239.197 -1109.735 5.0 5.6 4.45  
956.787 739.823 5.0 5.6 4.45  
956.787 -739.823 5.0 5.6 4.45  
-239.197 1109.735 5.0 5.6 4.45  
-239.197 -1109.735 5.0 5.6 4.45  
-956.787 739.823 5.0 5.6 4.45  
-956.787 -739.823 5.0 5.6 4.45  
1195.984 369.912 5.0 5.6 4.45  
1195.984 -369.912 5.0 5.6 4.45  
-1195.984 369.912 5.0 5.6 4.45  
-1195.984 -369.912 5.0 5.6 4.45